Copyright 1986-2019 Xilinx, Inc. All Rights Reserved.
-----------------------------------------------------------------------------------------
| Tool Version : Vivado v.2019.1 (lin64) Build 2552052 Fri May 24 14:47:09 MDT 2019
| Date         : Tue Oct 20 14:37:29 2020
| Host         : Paris running 64-bit Arch Linux
| Command      : report_timing_summary -file ./outLoopback/post_route_timing_summary.rpt
| Design       : TOP
| Device       : 7a100t-csg324
| Speed File   : -1  PRODUCTION 1.23 2018-06-13
-----------------------------------------------------------------------------------------

Timing Summary Report

------------------------------------------------------------------------------------------------
| Timer Settings
| --------------
------------------------------------------------------------------------------------------------

  Enable Multi Corner Analysis               :  Yes
  Enable Pessimism Removal                   :  Yes
  Pessimism Removal Resolution               :  Nearest Common Node
  Enable Input Delay Default Clock           :  No
  Enable Preset / Clear Arcs                 :  No
  Disable Flight Delays                      :  No
  Ignore I/O Paths                           :  No
  Timing Early Launch at Borrowing Latches   :  No
  Borrow Time for Max Delay Exceptions       :  Yes

  Corner  Analyze    Analyze    
  Name    Max Paths  Min Paths  
  ------  ---------  ---------  
  Slow    Yes        Yes        
  Fast    Yes        Yes        



check_timing report

Table of Contents
-----------------
1. checking no_clock
2. checking constant_clock
3. checking pulse_width_clock
4. checking unconstrained_internal_endpoints
5. checking no_input_delay
6. checking no_output_delay
7. checking multiple_clock
8. checking generated_clocks
9. checking loops
10. checking partial_input_delay
11. checking partial_output_delay
12. checking latch_loops

1. checking no_clock
--------------------
 There are 0 register/latch pins with no clock.


2. checking constant_clock
--------------------------
 There are 0 register/latch pins with constant_clock.


3. checking pulse_width_clock
-----------------------------
 There are 0 register/latch pins which need pulse_width check


4. checking unconstrained_internal_endpoints
--------------------------------------------
 There are 0 pins that are not constrained for maximum delay.

 There are 0 pins that are not constrained for maximum delay due to constant clock.


5. checking no_input_delay
--------------------------
 There are 2 input ports with no input delay specified. (HIGH)

 There are 0 input ports with no input delay but user has a false path constraint.


6. checking no_output_delay
---------------------------
 There is 1 port with no output delay specified. (HIGH)

 There are 0 ports with no output delay but user has a false path constraint

 There are 0 ports with no output delay but with a timing clock defined on it or propagating through it


7. checking multiple_clock
--------------------------
 There are 0 register/latch pins with multiple clocks.


8. checking generated_clocks
----------------------------
 There are 0 generated clocks that are not connected to a clock source.


9. checking loops
-----------------
 There are 0 combinational loops in the design.


10. checking partial_input_delay
--------------------------------
 There are 0 input ports with partial input delay specified.


11. checking partial_output_delay
---------------------------------
 There are 0 ports with partial output delay specified.


12. checking latch_loops
------------------------
 There are 0 combinational latch loops in the design through latch input



------------------------------------------------------------------------------------------------
| Design Timing Summary
| ---------------------
------------------------------------------------------------------------------------------------

    WNS(ns)      TNS(ns)  TNS Failing Endpoints  TNS Total Endpoints      WHS(ns)      THS(ns)  THS Failing Endpoints  THS Total Endpoints     WPWS(ns)     TPWS(ns)  TPWS Failing Endpoints  TPWS Total Endpoints  
    -------      -------  ---------------------  -------------------      -------      -------  ---------------------  -------------------     --------     --------  ----------------------  --------------------  
      6.417        0.000                      0                  167        0.155        0.000                      0                  167        4.500        0.000                       0                    64  


All user specified timing constraints are met.


------------------------------------------------------------------------------------------------
| Clock Summary
| -------------
------------------------------------------------------------------------------------------------

Clock        Waveform(ns)       Period(ns)      Frequency(MHz)
-----        ------------       ----------      --------------
sys_clk_pin  {0.000 5.000}      10.000          100.000         


------------------------------------------------------------------------------------------------
| Intra Clock Table
| -----------------
------------------------------------------------------------------------------------------------

Clock             WNS(ns)      TNS(ns)  TNS Failing Endpoints  TNS Total Endpoints      WHS(ns)      THS(ns)  THS Failing Endpoints  THS Total Endpoints     WPWS(ns)     TPWS(ns)  TPWS Failing Endpoints  TPWS Total Endpoints  
-----             -------      -------  ---------------------  -------------------      -------      -------  ---------------------  -------------------     --------     --------  ----------------------  --------------------  
sys_clk_pin         6.417        0.000                      0                  119        0.155        0.000                      0                  119        4.500        0.000                       0                    64  


------------------------------------------------------------------------------------------------
| Inter Clock Table
| -----------------
------------------------------------------------------------------------------------------------

From Clock    To Clock          WNS(ns)      TNS(ns)  TNS Failing Endpoints  TNS Total Endpoints      WHS(ns)      THS(ns)  THS Failing Endpoints  THS Total Endpoints  
----------    --------          -------      -------  ---------------------  -------------------      -------      -------  ---------------------  -------------------  


------------------------------------------------------------------------------------------------
| Other Path Groups Table
| -----------------------
------------------------------------------------------------------------------------------------

Path Group         From Clock         To Clock               WNS(ns)      TNS(ns)  TNS Failing Endpoints  TNS Total Endpoints      WHS(ns)      THS(ns)  THS Failing Endpoints  THS Total Endpoints  
----------         ----------         --------               -------      -------  ---------------------  -------------------      -------      -------  ---------------------  -------------------  
**async_default**  sys_clk_pin        sys_clk_pin              7.964        0.000                      0                   48        0.393        0.000                      0                   48  


------------------------------------------------------------------------------------------------
| Timing Details
| --------------
------------------------------------------------------------------------------------------------


---------------------------------------------------------------------------------------------------
From Clock:  sys_clk_pin
  To Clock:  sys_clk_pin

Setup :            0  Failing Endpoints,  Worst Slack        6.417ns,  Total Violation        0.000ns
Hold  :            0  Failing Endpoints,  Worst Slack        0.155ns,  Total Violation        0.000ns
PW    :            0  Failing Endpoints,  Worst Slack        4.500ns,  Total Violation        0.000ns
---------------------------------------------------------------------------------------------------


Max Delay Paths
--------------------------------------------------------------------------------------
Slack (MET) :             6.417ns  (required time - arrival time)
  Source:                 LOOPBACK_inst1/UART_inst1/baud_counter_reg[1]/C
                            (rising edge-triggered cell FDPE clocked by sys_clk_pin  {rise@0.000ns fall@5.000ns period=10.000ns})
  Destination:            LOOPBACK_inst1/UART_inst1/uart_tx_data_block_reg[1]/CE
                            (rising edge-triggered cell FDCE clocked by sys_clk_pin  {rise@0.000ns fall@5.000ns period=10.000ns})
  Path Group:             sys_clk_pin
  Path Type:              Setup (Max at Slow Process Corner)
  Requirement:            10.000ns  (sys_clk_pin rise@10.000ns - sys_clk_pin rise@0.000ns)
  Data Path Delay:        3.306ns  (logic 1.145ns (34.638%)  route 2.161ns (65.362%))
  Logic Levels:           4  (LUT2=1 LUT5=1 LUT6=2)
  Clock Path Skew:        -0.037ns (DCD - SCD + CPR)
    Destination Clock Delay (DCD):    5.003ns = ( 15.003 - 10.000 ) 
    Source Clock Delay      (SCD):    5.299ns
    Clock Pessimism Removal (CPR):    0.259ns
  Clock Uncertainty:      0.035ns  ((TSJ^2 + TIJ^2)^1/2 + DJ) / 2 + PE
    Total System Jitter     (TSJ):    0.071ns
    Total Input Jitter      (TIJ):    0.000ns
    Discrete Jitter          (DJ):    0.000ns
    Phase Error              (PE):    0.000ns

    Location             Delay type                Incr(ns)  Path(ns)    Netlist Resource(s)
  -------------------------------------------------------------------    -------------------
                         (clock sys_clk_pin rise edge)
                                                      0.000     0.000 r  
    E3                                                0.000     0.000 r  CLOCK_Y3 (IN)
                         net (fo=0)                   0.000     0.000    CLOCK_Y3
    E3                   IBUF (Prop_ibuf_I_O)         1.482     1.482 r  CLOCK_Y3_IBUF_inst/O
                         net (fo=1, routed)           2.025     3.506    CLOCK_Y3_IBUF
    BUFGCTRL_X0Y16       BUFG (Prop_bufg_I_O)         0.096     3.602 r  CLOCK_Y3_IBUF_BUFG_inst/O
                         net (fo=63, routed)          1.697     5.299    LOOPBACK_inst1/UART_inst1/CLK
    SLICE_X84Y127        FDPE                                         r  LOOPBACK_inst1/UART_inst1/baud_counter_reg[1]/C
  -------------------------------------------------------------------    -------------------
    SLICE_X84Y127        FDPE (Prop_fdpe_C_Q)         0.478     5.777 f  LOOPBACK_inst1/UART_inst1/baud_counter_reg[1]/Q
                         net (fo=7, routed)           0.848     6.625    LOOPBACK_inst1/UART_inst1/baud_counter[1]
    SLICE_X85Y127        LUT6 (Prop_lut6_I4_O)        0.295     6.920 r  LOOPBACK_inst1/UART_inst1/FSM_sequential_uart_tx_state[2]_i_3/O
                         net (fo=12, routed)          0.472     7.393    LOOPBACK_inst1/UART_inst1/baud_tick
    SLICE_X88Y127        LUT5 (Prop_lut5_I0_O)        0.124     7.517 r  LOOPBACK_inst1/UART_inst1/uart_tx_data_block[6]_i_1/O
                         net (fo=2, routed)           0.173     7.689    LOOPBACK_inst1/UART_inst1/uart_tx_data_block[6]_i_1_n_0
    SLICE_X88Y127        LUT6 (Prop_lut6_I0_O)        0.124     7.813 r  LOOPBACK_inst1/UART_inst1/uart_tx_data_block_reg[0]_CE_cooolgate_en_gate_1/O
                         net (fo=2, routed)           0.183     7.996    LOOPBACK_inst1/UART_inst1/uart_tx_data_block_reg[0]_CE_cooolgate_en_sig_1
    SLICE_X88Y127        LUT2 (Prop_lut2_I1_O)        0.124     8.120 r  LOOPBACK_inst1/UART_inst1/uart_tx_data_block_reg[0]_CE_cooolgate_en_gate_2/O
                         net (fo=7, routed)           0.485     8.605    LOOPBACK_inst1/UART_inst1/uart_tx_data_block_reg[0]_CE_cooolgate_en_sig_2
    SLICE_X89Y126        FDCE                                         r  LOOPBACK_inst1/UART_inst1/uart_tx_data_block_reg[1]/CE
  -------------------------------------------------------------------    -------------------

                         (clock sys_clk_pin rise edge)
                                                     10.000    10.000 r  
    E3                                                0.000    10.000 r  CLOCK_Y3 (IN)
                         net (fo=0)                   0.000    10.000    CLOCK_Y3
    E3                   IBUF (Prop_ibuf_I_O)         1.411    11.411 r  CLOCK_Y3_IBUF_inst/O
                         net (fo=1, routed)           1.920    13.331    CLOCK_Y3_IBUF
    BUFGCTRL_X0Y16       BUFG (Prop_bufg_I_O)         0.091    13.422 r  CLOCK_Y3_IBUF_BUFG_inst/O
                         net (fo=63, routed)          1.581    15.003    LOOPBACK_inst1/UART_inst1/CLK
    SLICE_X89Y126        FDCE                                         r  LOOPBACK_inst1/UART_inst1/uart_tx_data_block_reg[1]/C
                         clock pessimism              0.259    15.262    
                         clock uncertainty           -0.035    15.227    
    SLICE_X89Y126        FDCE (Setup_fdce_C_CE)      -0.205    15.022    LOOPBACK_inst1/UART_inst1/uart_tx_data_block_reg[1]
  -------------------------------------------------------------------
                         required time                         15.022    
                         arrival time                          -8.605    
  -------------------------------------------------------------------
                         slack                                  6.417    





Min Delay Paths
--------------------------------------------------------------------------------------
Slack (MET) :             0.155ns  (arrival time - required time)
  Source:                 LOOPBACK_inst1/UART_inst1/uart_rx_data_block_reg[0]/C
                            (rising edge-triggered cell FDCE clocked by sys_clk_pin  {rise@0.000ns fall@5.000ns period=10.000ns})
  Destination:            LOOPBACK_inst1/uart_data_in_reg[0]/D
                            (rising edge-triggered cell FDRE clocked by sys_clk_pin  {rise@0.000ns fall@5.000ns period=10.000ns})
  Path Group:             sys_clk_pin
  Path Type:              Hold (Min at Fast Process Corner)
  Requirement:            0.000ns  (sys_clk_pin rise@0.000ns - sys_clk_pin rise@0.000ns)
  Data Path Delay:        0.243ns  (logic 0.141ns (57.984%)  route 0.102ns (42.016%))
  Logic Levels:           0  
  Clock Path Skew:        0.013ns (DCD - SCD - CPR)
    Destination Clock Delay (DCD):    2.023ns
    Source Clock Delay      (SCD):    1.508ns
    Clock Pessimism Removal (CPR):    0.501ns

    Location             Delay type                Incr(ns)  Path(ns)    Netlist Resource(s)
  -------------------------------------------------------------------    -------------------
                         (clock sys_clk_pin rise edge)
                                                      0.000     0.000 r  
    E3                                                0.000     0.000 r  CLOCK_Y3 (IN)
                         net (fo=0)                   0.000     0.000    CLOCK_Y3
    E3                   IBUF (Prop_ibuf_I_O)         0.250     0.250 r  CLOCK_Y3_IBUF_inst/O
                         net (fo=1, routed)           0.644     0.894    CLOCK_Y3_IBUF
    BUFGCTRL_X0Y16       BUFG (Prop_bufg_I_O)         0.026     0.920 r  CLOCK_Y3_IBUF_BUFG_inst/O
                         net (fo=63, routed)          0.589     1.508    LOOPBACK_inst1/UART_inst1/CLK
    SLICE_X87Y126        FDCE                                         r  LOOPBACK_inst1/UART_inst1/uart_rx_data_block_reg[0]/C
  -------------------------------------------------------------------    -------------------
    SLICE_X87Y126        FDCE (Prop_fdce_C_Q)         0.141     1.649 r  LOOPBACK_inst1/UART_inst1/uart_rx_data_block_reg[0]/Q
                         net (fo=1, routed)           0.102     1.752    LOOPBACK_inst1/uart_rx_data_block[0]
    SLICE_X88Y126        FDRE                                         r  LOOPBACK_inst1/uart_data_in_reg[0]/D
  -------------------------------------------------------------------    -------------------

                         (clock sys_clk_pin rise edge)
                                                      0.000     0.000 r  
    E3                                                0.000     0.000 r  CLOCK_Y3 (IN)
                         net (fo=0)                   0.000     0.000    CLOCK_Y3
    E3                   IBUF (Prop_ibuf_I_O)         0.438     0.438 r  CLOCK_Y3_IBUF_inst/O
                         net (fo=1, routed)           0.699     1.136    CLOCK_Y3_IBUF
    BUFGCTRL_X0Y16       BUFG (Prop_bufg_I_O)         0.029     1.165 r  CLOCK_Y3_IBUF_BUFG_inst/O
                         net (fo=63, routed)          0.857     2.023    LOOPBACK_inst1/CLK
    SLICE_X88Y126        FDRE                                         r  LOOPBACK_inst1/uart_data_in_reg[0]/C
                         clock pessimism             -0.501     1.521    
    SLICE_X88Y126        FDRE (Hold_fdre_C_D)         0.075     1.596    LOOPBACK_inst1/uart_data_in_reg[0]
  -------------------------------------------------------------------
                         required time                         -1.596    
                         arrival time                           1.752    
  -------------------------------------------------------------------
                         slack                                  0.155    





Pulse Width Checks
--------------------------------------------------------------------------------------
Clock Name:         sys_clk_pin
Waveform(ns):       { 0.000 5.000 }
Period(ns):         10.000
Sources:            { CLOCK_Y3 }

Check Type        Corner  Lib Pin  Reference Pin  Required(ns)  Actual(ns)  Slack(ns)  Location        Pin
Min Period        n/a     BUFG/I   n/a            2.155         10.000      7.845      BUFGCTRL_X0Y16  CLOCK_Y3_IBUF_BUFG_inst/I
Low Pulse Width   Slow    FDCE/C   n/a            0.500         5.000       4.500      SLICE_X88Y128   LOOPBACK_inst1/UART_inst1/FSM_sequential_uart_tx_state_reg[0]/C
High Pulse Width  Slow    FDCE/C   n/a            0.500         5.000       4.500      SLICE_X85Y126   LOOPBACK_inst1/UART_inst1/FSM_sequential_uart_rx_state_reg[0]/C



---------------------------------------------------------------------------------------------------
Path Group:  **async_default**
From Clock:  sys_clk_pin
  To Clock:  sys_clk_pin

Setup :            0  Failing Endpoints,  Worst Slack        7.964ns,  Total Violation        0.000ns
Hold  :            0  Failing Endpoints,  Worst Slack        0.393ns,  Total Violation        0.000ns
---------------------------------------------------------------------------------------------------


Max Delay Paths
--------------------------------------------------------------------------------------
Slack (MET) :             7.964ns  (required time - arrival time)
  Source:                 reset_reg/C
                            (rising edge-triggered cell FDRE clocked by sys_clk_pin  {rise@0.000ns fall@5.000ns period=10.000ns})
  Destination:            LOOPBACK_inst1/UART_inst1/uart_tx_count_reg[0]/CLR
                            (recovery check against rising-edge clock sys_clk_pin  {rise@0.000ns fall@5.000ns period=10.000ns})
  Path Group:             **async_default**
  Path Type:              Recovery (Max at Slow Process Corner)
  Requirement:            10.000ns  (sys_clk_pin rise@10.000ns - sys_clk_pin rise@0.000ns)
  Data Path Delay:        1.573ns  (logic 0.456ns (28.995%)  route 1.117ns (71.004%))
  Logic Levels:           0  
  Clock Path Skew:        -0.023ns (DCD - SCD + CPR)
    Destination Clock Delay (DCD):    5.006ns = ( 15.006 - 10.000 ) 
    Source Clock Delay      (SCD):    5.304ns
    Clock Pessimism Removal (CPR):    0.275ns
  Clock Uncertainty:      0.035ns  ((TSJ^2 + TIJ^2)^1/2 + DJ) / 2 + PE
    Total System Jitter     (TSJ):    0.071ns
    Total Input Jitter      (TIJ):    0.000ns
    Discrete Jitter          (DJ):    0.000ns
    Phase Error              (PE):    0.000ns

    Location             Delay type                Incr(ns)  Path(ns)    Netlist Resource(s)
  -------------------------------------------------------------------    -------------------
                         (clock sys_clk_pin rise edge)
                                                      0.000     0.000 r  
    E3                                                0.000     0.000 r  CLOCK_Y3 (IN)
                         net (fo=0)                   0.000     0.000    CLOCK_Y3
    E3                   IBUF (Prop_ibuf_I_O)         1.482     1.482 r  CLOCK_Y3_IBUF_inst/O
                         net (fo=1, routed)           2.025     3.506    CLOCK_Y3_IBUF
    BUFGCTRL_X0Y16       BUFG (Prop_bufg_I_O)         0.096     3.602 r  CLOCK_Y3_IBUF_BUFG_inst/O
                         net (fo=63, routed)          1.702     5.304    CLOCK_Y3_IBUF_BUFG
    SLICE_X87Y128        FDRE                                         r  reset_reg/C
  -------------------------------------------------------------------    -------------------
    SLICE_X87Y128        FDRE (Prop_fdre_C_Q)         0.456     5.760 f  reset_reg/Q
                         net (fo=61, routed)          1.117     6.877    LOOPBACK_inst1/UART_inst1/reset
    SLICE_X89Y128        FDCE                                         f  LOOPBACK_inst1/UART_inst1/uart_tx_count_reg[0]/CLR
  -------------------------------------------------------------------    -------------------

                         (clock sys_clk_pin rise edge)
                                                     10.000    10.000 r  
    E3                                                0.000    10.000 r  CLOCK_Y3 (IN)
                         net (fo=0)                   0.000    10.000    CLOCK_Y3
    E3                   IBUF (Prop_ibuf_I_O)         1.411    11.411 r  CLOCK_Y3_IBUF_inst/O
                         net (fo=1, routed)           1.920    13.331    CLOCK_Y3_IBUF
    BUFGCTRL_X0Y16       BUFG (Prop_bufg_I_O)         0.091    13.422 r  CLOCK_Y3_IBUF_BUFG_inst/O
                         net (fo=63, routed)          1.584    15.006    LOOPBACK_inst1/UART_inst1/CLK
    SLICE_X89Y128        FDCE                                         r  LOOPBACK_inst1/UART_inst1/uart_tx_count_reg[0]/C
                         clock pessimism              0.275    15.281    
                         clock uncertainty           -0.035    15.246    
    SLICE_X89Y128        FDCE (Recov_fdce_C_CLR)     -0.405    14.841    LOOPBACK_inst1/UART_inst1/uart_tx_count_reg[0]
  -------------------------------------------------------------------
                         required time                         14.841    
                         arrival time                          -6.877    
  -------------------------------------------------------------------
                         slack                                  7.964    





Min Delay Paths
--------------------------------------------------------------------------------------
Slack (MET) :             0.393ns  (arrival time - required time)
  Source:                 reset_reg/C
                            (rising edge-triggered cell FDRE clocked by sys_clk_pin  {rise@0.000ns fall@5.000ns period=10.000ns})
  Destination:            LOOPBACK_inst1/UART_inst1/oversample_baud_counter_reg[3]/CLR
                            (removal check against rising-edge clock sys_clk_pin  {rise@0.000ns fall@5.000ns period=10.000ns})
  Path Group:             **async_default**
  Path Type:              Removal (Min at Fast Process Corner)
  Requirement:            0.000ns  (sys_clk_pin rise@0.000ns - sys_clk_pin rise@0.000ns)
  Data Path Delay:        0.361ns  (logic 0.141ns (39.010%)  route 0.220ns (60.990%))
  Logic Levels:           0  
  Clock Path Skew:        0.035ns (DCD - SCD - CPR)
    Destination Clock Delay (DCD):    2.025ns
    Source Clock Delay      (SCD):    1.510ns
    Clock Pessimism Removal (CPR):    0.479ns

    Location             Delay type                Incr(ns)  Path(ns)    Netlist Resource(s)
  -------------------------------------------------------------------    -------------------
                         (clock sys_clk_pin rise edge)
                                                      0.000     0.000 r  
    E3                                                0.000     0.000 r  CLOCK_Y3 (IN)
                         net (fo=0)                   0.000     0.000    CLOCK_Y3
    E3                   IBUF (Prop_ibuf_I_O)         0.250     0.250 r  CLOCK_Y3_IBUF_inst/O
                         net (fo=1, routed)           0.644     0.894    CLOCK_Y3_IBUF
    BUFGCTRL_X0Y16       BUFG (Prop_bufg_I_O)         0.026     0.920 r  CLOCK_Y3_IBUF_BUFG_inst/O
                         net (fo=63, routed)          0.591     1.510    CLOCK_Y3_IBUF_BUFG
    SLICE_X87Y128        FDRE                                         r  reset_reg/C
  -------------------------------------------------------------------    -------------------
    SLICE_X87Y128        FDRE (Prop_fdre_C_Q)         0.141     1.651 f  reset_reg/Q
                         net (fo=61, routed)          0.220     1.872    LOOPBACK_inst1/UART_inst1/reset
    SLICE_X84Y128        FDCE                                         f  LOOPBACK_inst1/UART_inst1/oversample_baud_counter_reg[3]/CLR
  -------------------------------------------------------------------    -------------------

                         (clock sys_clk_pin rise edge)
                                                      0.000     0.000 r  
    E3                                                0.000     0.000 r  CLOCK_Y3 (IN)
                         net (fo=0)                   0.000     0.000    CLOCK_Y3
    E3                   IBUF (Prop_ibuf_I_O)         0.438     0.438 r  CLOCK_Y3_IBUF_inst/O
                         net (fo=1, routed)           0.699     1.136    CLOCK_Y3_IBUF
    BUFGCTRL_X0Y16       BUFG (Prop_bufg_I_O)         0.029     1.165 r  CLOCK_Y3_IBUF_BUFG_inst/O
                         net (fo=63, routed)          0.860     2.025    LOOPBACK_inst1/UART_inst1/CLK
    SLICE_X84Y128        FDCE                                         r  LOOPBACK_inst1/UART_inst1/oversample_baud_counter_reg[3]/C
                         clock pessimism             -0.479     1.545    
    SLICE_X84Y128        FDCE (Remov_fdce_C_CLR)     -0.067     1.478    LOOPBACK_inst1/UART_inst1/oversample_baud_counter_reg[3]
  -------------------------------------------------------------------
                         required time                         -1.478    
                         arrival time                           1.872    
  -------------------------------------------------------------------
                         slack                                  0.393    





